Determining if the include file pthread.h exists failed with the following output:
Change Dir: C:/Users/XAVI/source/repos/CppND-Capstone-Snake-Game/out/build/windows-default/CMakeFiles/CMakeTmp

Run Build Command(s):C:/Program Files (x86)/Microsoft Visual Studio/2019/Professional/Common7/IDE/CommonExtensions/Microsoft/CMake/Ninja/ninja.exe cmTC_8e33a && [1/2] Building C object CMakeFiles\cmTC_8e33a.dir\CheckIncludeFile.c.obj
FAILED: CMakeFiles/cmTC_8e33a.dir/CheckIncludeFile.c.obj 
C:\PROGRA~2\MICROS~3\2019\PROFES~1\VC\Tools\MSVC\1429~1.301\bin\Hostx64\x64\cl.exe  /nologo   /DWIN32 /D_WINDOWS /W3  /MDd /Zi /Ob0 /Od /RTC1 /showIncludes /FoCMakeFiles\cmTC_8e33a.dir\CheckIncludeFile.c.obj /FdCMakeFiles\cmTC_8e33a.dir\ /FS -c CheckIncludeFile.c
CheckIncludeFile.c(1): fatal error C1083: Cannot open include file: 'pthread.h': No such file or directory
ninja: build stopped: subcommand failed.



Determining if the include file pthread.h exists failed with the following output:
Change Dir: C:/Users/XAVI/source/repos/CppND-Capstone-Snake-Game/out/build/windows-default/CMakeFiles/CMakeTmp

Run Build Command(s):C:/Program Files (x86)/Microsoft Visual Studio/2019/Professional/Common7/IDE/CommonExtensions/Microsoft/CMake/Ninja/ninja.exe cmTC_12b6d && [1/2] Building C object CMakeFiles\cmTC_12b6d.dir\CheckIncludeFile.c.obj
FAILED: CMakeFiles/cmTC_12b6d.dir/CheckIncludeFile.c.obj 
C:\PROGRA~2\MICROS~3\2019\PROFES~1\VC\Tools\MSVC\1429~1.301\bin\Hostx64\x64\cl.exe  /nologo   /DWIN32 /D_WINDOWS /W3  /MDd /Zi /Ob0 /Od /RTC1 /showIncludes /FoCMakeFiles\cmTC_12b6d.dir\CheckIncludeFile.c.obj /FdCMakeFiles\cmTC_12b6d.dir\ /FS -c CheckIncludeFile.c
CheckIncludeFile.c(1): fatal error C1083: Cannot open include file: 'pthread.h': No such file or directory
ninja: build stopped: subcommand failed.



Determining if the include file pthread.h exists failed with the following output:
Change Dir: C:/Users/XAVI/source/repos/CppND-Capstone-Snake-Game/out/build/windows-default/CMakeFiles/CMakeTmp

Run Build Command(s):C:/Program Files (x86)/Microsoft Visual Studio/2019/Professional/Common7/IDE/CommonExtensions/Microsoft/CMake/Ninja/ninja.exe cmTC_a1ccf && [1/2] Building C object CMakeFiles\cmTC_a1ccf.dir\CheckIncludeFile.c.obj
FAILED: CMakeFiles/cmTC_a1ccf.dir/CheckIncludeFile.c.obj 
C:\PROGRA~2\MICROS~3\2019\PROFES~1\VC\Tools\MSVC\1429~1.301\bin\Hostx64\x64\cl.exe  /nologo   /DWIN32 /D_WINDOWS /W3  /MDd /Zi /Ob0 /Od /RTC1 /showIncludes /FoCMakeFiles\cmTC_a1ccf.dir\CheckIncludeFile.c.obj /FdCMakeFiles\cmTC_a1ccf.dir\ /FS -c CheckIncludeFile.c
CheckIncludeFile.c(1): fatal error C1083: Cannot open include file: 'pthread.h': No such file or directory
ninja: build stopped: subcommand failed.



Determining if the include file pthread.h exists failed with the following output:
Change Dir: C:/Users/XAVI/source/repos/CppND-Capstone-Snake-Game/out/build/windows-default/CMakeFiles/CMakeTmp

Run Build Command(s):C:/Program Files (x86)/Microsoft Visual Studio/2019/Professional/Common7/IDE/CommonExtensions/Microsoft/CMake/Ninja/ninja.exe cmTC_5e995 && [1/2] Building C object CMakeFiles\cmTC_5e995.dir\CheckIncludeFile.c.obj
FAILED: CMakeFiles/cmTC_5e995.dir/CheckIncludeFile.c.obj 
C:\PROGRA~2\MICROS~3\2019\PROFES~1\VC\Tools\MSVC\1429~1.301\bin\Hostx64\x64\cl.exe  /nologo   /DWIN32 /D_WINDOWS /W3  /MDd /Zi /Ob0 /Od /RTC1 /showIncludes /FoCMakeFiles\cmTC_5e995.dir\CheckIncludeFile.c.obj /FdCMakeFiles\cmTC_5e995.dir\ /FS -c CheckIncludeFile.c
CheckIncludeFile.c(1): fatal error C1083: Cannot open include file: 'pthread.h': No such file or directory
ninja: build stopped: subcommand failed.



Determining if the include file pthread.h exists failed with the following output:
Change Dir: C:/Users/XAVI/source/repos/CppND-Capstone-Snake-Game/out/build/windows-default/CMakeFiles/CMakeTmp

Run Build Command(s):C:/Program Files (x86)/Microsoft Visual Studio/2019/Professional/Common7/IDE/CommonExtensions/Microsoft/CMake/Ninja/ninja.exe cmTC_a3d13 && [1/2] Building C object CMakeFiles\cmTC_a3d13.dir\CheckIncludeFile.c.obj
FAILED: CMakeFiles/cmTC_a3d13.dir/CheckIncludeFile.c.obj 
C:\PROGRA~2\MICROS~3\2019\PROFES~1\VC\Tools\MSVC\1429~1.301\bin\Hostx64\x64\cl.exe  /nologo   /DWIN32 /D_WINDOWS /W3  /MDd /Zi /Ob0 /Od /RTC1 /showIncludes /FoCMakeFiles\cmTC_a3d13.dir\CheckIncludeFile.c.obj /FdCMakeFiles\cmTC_a3d13.dir\ /FS -c CheckIncludeFile.c
CheckIncludeFile.c(1): fatal error C1083: Cannot open include file: 'pthread.h': No such file or directory
ninja: build stopped: subcommand failed.



